<?xml version="1.0" encoding="UTF-8"?>
<!-- Generated by org.testng.reporters.JUnitReportReporter -->
<testsuite hostname="ATH032863" failures="0" tests="4" name="testPacakge.EbayShoppingCartTest" time="173.040" errors="0" timestamp="11 May 2019 10:26:01 GMT" skipped="0">
  <testcase classname="testPacakge.EbayShoppingCartTest" name="initEbayShoppingCartTestObject" time="0.000"/>
  <testcase classname="testPacakge.EbayShoppingCartTest" name="verifyCheckoutFunctionalityForeBayApp" time="97.236"/>
  <testcase classname="testPacakge.EbayShoppingCartTest" name="verifySearchFunctionalityForeBayApp" time="23.146"/>
  <testcase classname="testPacakge.EbayShoppingCartTest" name="verifySelectItemFunctionalityForeBayApp" time="52.658"/>
</testsuite> <!-- testPacakge.EbayShoppingCartTest -->
