<?xml version="1.0" encoding="UTF-8"?>
<!-- Generated by org.testng.reporters.JUnitReportReporter -->
<testsuite hostname="ATH032863" failures="0" tests="3" name="testPacakge.EbayLoginTest" time="37.662" errors="0" timestamp="11 May 2019 10:26:01 GMT" skipped="0">
  <testcase classname="testPacakge.EbayLoginTest" name="initEbayLoginTest" time="0.003"/>
  <testcase classname="testPacakge.EbayLoginTest" name="verifyEbayAppLaunchScreen" time="11.293"/>
  <testcase classname="testPacakge.EbayLoginTest" name="verifyLoginFunctionalityForeBayApp" time="26.366"/>
</testsuite> <!-- testPacakge.EbayLoginTest -->
