<?xml version="1.0" encoding="UTF-8"?>
<!-- Generated by org.testng.reporters.JUnitReportReporter -->
<testsuite hostname="ATH032863" failures="0" tests="5" name="testPacakge.LoginTest" time="90.123" errors="0" timestamp="08 Apr 2019 14:35:21 GMT" skipped="0">
  <testcase classname="testPacakge.LoginTest" name="verifyEbayAppLaunchScreen" time="4.062"/>
  <testcase classname="testPacakge.LoginTest" name="verifySelectItemFunctionalityForeBayApp" time="40.487"/>
  <testcase classname="testPacakge.LoginTest" name="initObject" time="0.051"/>
  <testcase classname="testPacakge.LoginTest" name="verifySearchFunctionalityForeBayApp" time="13.872"/>
  <testcase classname="testPacakge.LoginTest" name="verifyPurchaseItemFunctionalityForeBayApp" time="31.651"/>
</testsuite> <!-- testPacakge.LoginTest -->
