<?xml version="1.0" encoding="UTF-8"?>
<!-- Generated by org.testng.reporters.JUnitReportReporter -->
<testsuite hostname="ATH032863" failures="0" tests="3" name="testPacakge.EbayLoginTest" time="51.418" errors="0" timestamp="01 May 2019 15:24:32 GMT" skipped="0">
  <testcase classname="testPacakge.EbayLoginTest" name="initEbayLoginTest" time="0.041"/>
  <testcase classname="testPacakge.EbayLoginTest" name="verifyLoginFunctionalityForeBayApp" time="36.692"/>
  <testcase classname="testPacakge.EbayLoginTest" name="verifyEbayAppLaunchScreen" time="14.685"/>
</testsuite> <!-- testPacakge.EbayLoginTest -->
