<?xml version="1.0" encoding="UTF-8"?>
<!-- Generated by org.testng.reporters.JUnitReportReporter -->
<testsuite hostname="ATH032863" failures="0" tests="4" name="testPacakge.EbayShoppingCartTest" time="72.248" errors="0" timestamp="01 May 2019 15:24:32 GMT" skipped="0">
  <testcase classname="testPacakge.EbayShoppingCartTest" name="verifySearchFunctionalityForeBayApp" time="12.746"/>
  <testcase classname="testPacakge.EbayShoppingCartTest" name="verifyCheckoutFunctionalityForeBayApp" time="27.954"/>
  <testcase classname="testPacakge.EbayShoppingCartTest" name="verifySelectItemFunctionalityForeBayApp" time="31.548"/>
  <testcase classname="testPacakge.EbayShoppingCartTest" name="initEbayShoppingCartTestObject" time="0.000"/>
</testsuite> <!-- testPacakge.EbayShoppingCartTest -->
